Looking in indexes: https://pypi.org/simple, https://pypi.ngc.nvidia.com
Collecting bert_score
  Downloading bert_score-0.3.13-py3-none-any.whl.metadata (15 kB)
Requirement already satisfied: torch>=1.0.0 in /usr/local/lib/python3.10/dist-packages (from bert_score) (2.3.0a0+6ddf5cf85e.nv24.4)
Requirement already satisfied: pandas>=1.0.1 in /usr/local/lib/python3.10/dist-packages (from bert_score) (1.5.3)
Requirement already satisfied: transformers>=3.0.0 in /usr/local/lib/python3.10/dist-packages (from bert_score) (4.51.3)
Requirement already satisfied: numpy in /usr/local/lib/python3.10/dist-packages (from bert_score) (1.24.4)
Requirement already satisfied: requests in /usr/local/lib/python3.10/dist-packages (from bert_score) (2.32.3)
Requirement already satisfied: tqdm>=4.31.1 in /usr/local/lib/python3.10/dist-packages (from bert_score) (4.67.1)
Requirement already satisfied: matplotlib in /usr/local/lib/python3.10/dist-packages (from bert_score) (3.8.4)
Requirement already satisfied: packaging>=20.9 in /usr/local/lib/python3.10/dist-packages (from bert_score) (23.2)
Requirement already satisfied: python-dateutil>=2.8.1 in /usr/local/lib/python3.10/dist-packages (from pandas>=1.0.1->bert_score) (2.9.0.post0)
Requirement already satisfied: pytz>=2020.1 in /usr/local/lib/python3.10/dist-packages (from pandas>=1.0.1->bert_score) (2024.1)
Requirement already satisfied: filelock in /usr/local/lib/python3.10/dist-packages (from torch>=1.0.0->bert_score) (3.13.3)
Requirement already satisfied: typing-extensions>=4.8.0 in /usr/local/lib/python3.10/dist-packages (from torch>=1.0.0->bert_score) (4.13.2)
Requirement already satisfied: sympy in /usr/local/lib/python3.10/dist-packages (from torch>=1.0.0->bert_score) (1.12)
Requirement already satisfied: networkx in /usr/local/lib/python3.10/dist-packages (from torch>=1.0.0->bert_score) (2.6.3)
Requirement already satisfied: jinja2 in /usr/local/lib/python3.10/dist-packages (from torch>=1.0.0->bert_score) (3.1.3)
Requirement already satisfied: fsspec in /usr/local/lib/python3.10/dist-packages (from torch>=1.0.0->bert_score) (2024.2.0)
Requirement already satisfied: huggingface-hub<1.0,>=0.30.0 in /usr/local/lib/python3.10/dist-packages (from transformers>=3.0.0->bert_score) (0.30.2)
Requirement already satisfied: pyyaml>=5.1 in /usr/local/lib/python3.10/dist-packages (from transformers>=3.0.0->bert_score) (6.0.1)
Requirement already satisfied: regex!=2019.12.17 in /usr/local/lib/python3.10/dist-packages (from transformers>=3.0.0->bert_score) (2023.12.25)
Requirement already satisfied: tokenizers<0.22,>=0.21 in /usr/local/lib/python3.10/dist-packages (from transformers>=3.0.0->bert_score) (0.21.1)
Requirement already satisfied: safetensors>=0.4.3 in /usr/local/lib/python3.10/dist-packages (from transformers>=3.0.0->bert_score) (0.5.3)
Requirement already satisfied: contourpy>=1.0.1 in /usr/local/lib/python3.10/dist-packages (from matplotlib->bert_score) (1.2.1)
Requirement already satisfied: cycler>=0.10 in /usr/local/lib/python3.10/dist-packages (from matplotlib->bert_score) (0.12.1)
Requirement already satisfied: fonttools>=4.22.0 in /usr/local/lib/python3.10/dist-packages (from matplotlib->bert_score) (4.51.0)
Requirement already satisfied: kiwisolver>=1.3.1 in /usr/local/lib/python3.10/dist-packages (from matplotlib->bert_score) (1.4.5)
Requirement already satisfied: pillow>=8 in /usr/local/lib/python3.10/dist-packages (from matplotlib->bert_score) (10.2.0)
Requirement already satisfied: pyparsing>=2.3.1 in /usr/local/lib/python3.10/dist-packages (from matplotlib->bert_score) (3.1.2)
Requirement already satisfied: charset-normalizer<4,>=2 in /usr/local/lib/python3.10/dist-packages (from requests->bert_score) (3.3.2)
Requirement already satisfied: idna<4,>=2.5 in /usr/local/lib/python3.10/dist-packages (from requests->bert_score) (3.6)
Requirement already satisfied: urllib3<3,>=1.21.1 in /usr/local/lib/python3.10/dist-packages (from requests->bert_score) (1.26.18)
Requirement already satisfied: certifi>=2017.4.17 in /usr/local/lib/python3.10/dist-packages (from requests->bert_score) (2024.2.2)
Requirement already satisfied: six>=1.5 in /usr/local/lib/python3.10/dist-packages (from python-dateutil>=2.8.1->pandas>=1.0.1->bert_score) (1.16.0)
Requirement already satisfied: MarkupSafe>=2.0 in /usr/local/lib/python3.10/dist-packages (from jinja2->torch>=1.0.0->bert_score) (2.1.5)
Requirement already satisfied: mpmath>=0.19 in /usr/local/lib/python3.10/dist-packages (from sympy->torch>=1.0.0->bert_score) (1.3.0)
Downloading bert_score-0.3.13-py3-none-any.whl (61 kB)
   ━━━━━━━━━━━━━━━━━━━━━━━━━━━━━━━━━━━━━━━━ 61.1/61.1 kB 4.4 MB/s eta 0:00:00
Installing collected packages: bert_score
Successfully installed bert_score-0.3.13

[notice] A new release of pip is available: 24.0 -> 25.1
[notice] To update, run: python -m pip install --upgrade pip
/usr/bin/bash: scripts/hf/mimic/generate_1.sh: No such file or directory
srun: error: nid006442: task 0: Exited with exit code 127
srun: Terminating StepId=394337.0
srun: Step created for StepId=394337.1
/usr/bin/bash: scripts/hf/mimic/generate_3.sh: No such file or directory
srun: error: nid006442: task 0: Exited with exit code 127
srun: Terminating StepId=394337.1
srun: Step created for StepId=394337.2
/usr/bin/bash: scripts/hf/mimic/generate_2.sh: No such file or directory
srun: error: nid006442: task 0: Exited with exit code 127
srun: Terminating StepId=394337.2
slurmstepd: error: *** JOB 394337 ON nid006442 CANCELLED AT 2025-04-30T23:36:00 ***
